<?xml version="1.0" encoding="utf-8"?>
<test-run id="2" name="Generics.BinaryTree.exe" fullname="C:/MyRepo/Generics.BinaryTrees/Generics.BinaryTrees.csproj/bin/Debug/Generics.BinaryTree.exe" testcasecount="6" result="Failed" start-time="2018-03-23 12:19:26Z" end-time="2018-03-23 12:19:27Z" duration="0.086508" total="6" passed="5" failed="1" inconclusive="0" skipped="0" asserts="9" random-seed="1846813530">
  <command-line><![CDATA["C:\MyRepo\Generics.BinaryTrees\Generics.BinaryTrees.csproj\bin\Debug\Generics.BinaryTree.exe"   ]]></command-line>
  <filter />
  <test-suite type="Assembly" id="1007" name="Generics.BinaryTree.exe" fullname="C:/MyRepo/Generics.BinaryTrees/Generics.BinaryTrees.csproj/bin/Debug/Generics.BinaryTree.exe" runstate="Runnable" testcasecount="6" result="Failed" site="Child" start-time="2018-03-23 12:19:26Z" end-time="2018-03-23 12:19:27Z" duration="0.086508" total="6" passed="5" failed="1" warnings="0" inconclusive="0" skipped="0" asserts="9">
    <environment framework-version="3.6.0.0" clr-version="4.0.30319.42000" os-version="Microsoft Windows NT 6.2.9200.0" platform="Win32NT" cwd="C:\MyRepo\Generics.BinaryTrees\Generics.BinaryTrees.csproj\bin\Debug" machine-name="MSK-WS-120" user="aaltukhov" user-domain="INT" culture="ru-RU" uiculture="en-US" os-architecture="x86" />
    <settings>
      <setting name="WorkDirectory" value="C:\MyRepo\Generics.BinaryTrees\Generics.BinaryTrees.csproj\bin\Debug" />
      <setting name="NumberOfTestWorkers" value="4" />
    </settings>
    <properties>
      <property name="_PID" value="20888" />
      <property name="_APPDOMAIN" value="Generics.BinaryTree.exe" />
    </properties>
    <failure>
      <message><![CDATA[One or more child tests had errors]]></message>
    </failure>
    <test-suite type="TestSuite" id="1008" name="Generics" fullname="Generics" runstate="Runnable" testcasecount="6" result="Failed" site="Child" start-time="2018-03-23 12:19:26Z" end-time="2018-03-23 12:19:27Z" duration="0.075574" total="6" passed="5" failed="1" warnings="0" inconclusive="0" skipped="0" asserts="9">
      <failure>
        <message><![CDATA[One or more child tests had errors]]></message>
      </failure>
      <test-suite type="TestSuite" id="1009" name="BinaryTrees" fullname="Generics.BinaryTrees" runstate="Runnable" testcasecount="6" result="Failed" site="Child" start-time="2018-03-23 12:19:26Z" end-time="2018-03-23 12:19:27Z" duration="0.072699" total="6" passed="5" failed="1" warnings="0" inconclusive="0" skipped="0" asserts="9">
        <failure>
          <message><![CDATA[One or more child tests had errors]]></message>
        </failure>
        <test-suite type="TestFixture" id="1000" name="BinaryTree_should" fullname="Generics.BinaryTrees.BinaryTree_should" classname="Generics.BinaryTrees.BinaryTree_should" runstate="Runnable" testcasecount="6" result="Failed" site="Child" start-time="2018-03-23 12:19:26Z" end-time="2018-03-23 12:19:27Z" duration="0.068375" total="6" passed="5" failed="1" warnings="0" inconclusive="0" skipped="0" asserts="9">
          <failure>
            <message><![CDATA[One or more child tests had errors]]></message>
          </failure>
          <test-case id="1001" name="BeEmptyWhenCreated" fullname="Generics.BinaryTrees.BinaryTree_should.BeEmptyWhenCreated" methodname="BeEmptyWhenCreated" classname="Generics.BinaryTrees.BinaryTree_should" runstate="Runnable" seed="249908427" result="Passed" start-time="2018-03-23 12:19:27Z" end-time="2018-03-23 12:19:27Z" duration="0.013457" asserts="1" />
          <test-case id="1005" name="InitializeFromAnArrayAndSort1" fullname="Generics.BinaryTrees.BinaryTree_should.InitializeFromAnArrayAndSort1" methodname="InitializeFromAnArrayAndSort1" classname="Generics.BinaryTrees.BinaryTree_should" runstate="Runnable" seed="1169784199" result="Passed" start-time="2018-03-23 12:19:27Z" end-time="2018-03-23 12:19:27Z" duration="0.001375" asserts="1" />
          <test-case id="1006" name="InitializeFromAnArrayAndSort2" fullname="Generics.BinaryTrees.BinaryTree_should.InitializeFromAnArrayAndSort2" methodname="InitializeFromAnArrayAndSort2" classname="Generics.BinaryTrees.BinaryTree_should" runstate="Runnable" seed="1737532369" result="Passed" start-time="2018-03-23 12:19:27Z" end-time="2018-03-23 12:19:27Z" duration="0.000238" asserts="1" />
          <test-case id="1003" name="PlaceEqualElementToLeft" fullname="Generics.BinaryTrees.BinaryTree_should.PlaceEqualElementToLeft" methodname="PlaceEqualElementToLeft" classname="Generics.BinaryTrees.BinaryTree_should" runstate="Runnable" seed="152571727" result="Failed" start-time="2018-03-23 12:19:27Z" end-time="2018-03-23 12:19:27Z" duration="0.021791" asserts="2">
            <failure>
              <message><![CDATA[  Expected: 2
  But was:  0
]]></message>
              <stack-trace><![CDATA[at Generics.BinaryTrees.BinaryTree_should.PlaceEqualElementToLeft() in C:\MyRepo\Generics.BinaryTrees\Generics.BinaryTrees.csproj\BinaryTree_should.cs:line 36
]]></stack-trace>
            </failure>
            <assertions>
              <assertion result="Failed">
                <message><![CDATA[  Expected: 2
  But was:  0
]]></message>
                <stack-trace><![CDATA[at Generics.BinaryTrees.BinaryTree_should.PlaceEqualElementToLeft() in C:\MyRepo\Generics.BinaryTrees\Generics.BinaryTrees.csproj\BinaryTree_should.cs:line 36
]]></stack-trace>
              </assertion>
            </assertions>
          </test-case>
          <test-case id="1004" name="PlaceGreaterElementToRight" fullname="Generics.BinaryTrees.BinaryTree_should.PlaceGreaterElementToRight" methodname="PlaceGreaterElementToRight" classname="Generics.BinaryTrees.BinaryTree_should" runstate="Runnable" seed="265930724" result="Passed" start-time="2018-03-23 12:19:27Z" end-time="2018-03-23 12:19:27Z" duration="0.000260" asserts="2" />
          <test-case id="1002" name="PlaceLesserElementToLeft" fullname="Generics.BinaryTrees.BinaryTree_should.PlaceLesserElementToLeft" methodname="PlaceLesserElementToLeft" classname="Generics.BinaryTrees.BinaryTree_should" runstate="Runnable" seed="997956941" result="Passed" start-time="2018-03-23 12:19:27Z" end-time="2018-03-23 12:19:27Z" duration="0.000254" asserts="2" />
        </test-suite>
      </test-suite>
    </test-suite>
  </test-suite>
</test-run>